2023/03/12 07:36:12 - mmengine - INFO - 
------------------------------------------------------------
System environment:
    sys.platform: linux
    Python: 3.7.7 (default, May  7 2020, 21:25:33) [GCC 7.3.0]
    CUDA available: True
    numpy_random_seed: 1265978864
    GPU 0: NVIDIA GeForce RTX 2080 SUPER
    CUDA_HOME: /usr/local/cuda
    NVCC: Cuda compilation tools, release 10.1, V10.1.24
    GCC: gcc (Ubuntu 7.4.0-1ubuntu1~18.04.1) 7.4.0
    PyTorch: 1.6.0
    PyTorch compiling details: PyTorch built with:
  - GCC 7.3
  - C++ Version: 201402
  - Intel(R) Math Kernel Library Version 2020.0.1 Product Build 20200208 for Intel(R) 64 architecture applications
  - Intel(R) MKL-DNN v1.5.0 (Git Hash e2ac1fac44c5078ca927cb9b90e1b3066a0b2ed0)
  - OpenMP 201511 (a.k.a. OpenMP 4.5)
  - NNPACK is enabled
  - CPU capability usage: AVX2
  - CUDA Runtime 10.1
  - NVCC architecture flags: -gencode;arch=compute_37,code=sm_37;-gencode;arch=compute_50,code=sm_50;-gencode;arch=compute_60,code=sm_60;-gencode;arch=compute_61,code=sm_61;-gencode;arch=compute_70,code=sm_70;-gencode;arch=compute_75,code=sm_75;-gencode;arch=compute_37,code=compute_37
  - CuDNN 7.6.3
  - Magma 2.5.2
  - Build settings: BLAS=MKL, BUILD_TYPE=Release, CXX_FLAGS= -Wno-deprecated -fvisibility-inlines-hidden -DUSE_PTHREADPOOL -fopenmp -DNDEBUG -DUSE_FBGEMM -DUSE_QNNPACK -DUSE_PYTORCH_QNNPACK -DUSE_XNNPACK -DUSE_VULKAN_WRAPPER -O2 -fPIC -Wno-narrowing -Wall -Wextra -Werror=return-type -Wno-missing-field-initializers -Wno-type-limits -Wno-array-bounds -Wno-unknown-pragmas -Wno-sign-compare -Wno-unused-parameter -Wno-unused-variable -Wno-unused-function -Wno-unused-result -Wno-unused-local-typedefs -Wno-strict-overflow -Wno-strict-aliasing -Wno-error=deprecated-declarations -Wno-stringop-overflow -Wno-error=pedantic -Wno-error=redundant-decls -Wno-error=old-style-cast -fdiagnostics-color=always -faligned-new -Wno-unused-but-set-variable -Wno-maybe-uninitialized -fno-math-errno -fno-trapping-math -Werror=format -Wno-stringop-overflow, PERF_WITH_AVX=1, PERF_WITH_AVX2=1, PERF_WITH_AVX512=1, USE_CUDA=ON, USE_EXCEPTION_PTR=1, USE_GFLAGS=OFF, USE_GLOG=OFF, USE_MKL=ON, USE_MKLDNN=ON, USE_MPI=OFF, USE_NCCL=ON, USE_NNPACK=ON, USE_OPENMP=ON, USE_STATIC_DISPATCH=OFF, 

    TorchVision: 0.7.0
    OpenCV: 4.7.0
    MMEngine: 0.6.0

Runtime environment:
    cudnn_benchmark: True
    mp_cfg: {'mp_start_method': 'fork', 'opencv_num_threads': 0}
    dist_cfg: {'backend': 'nccl'}
    seed: None
    Distributed launcher: none
    Distributed training: False
    GPU number: 1
------------------------------------------------------------

2023/03/12 07:36:14 - mmengine - INFO - Config:
default_scope = 'mmyolo'
default_hooks = dict(
    timer=dict(type='IterTimerHook'),
    logger=dict(type='LoggerHook', interval=50),
    param_scheduler=dict(type='ParamSchedulerHook'),
    checkpoint=dict(type='CheckpointHook', interval=10, max_keep_ckpts=3),
    sampler_seed=dict(type='DistSamplerSeedHook'),
    visualization=dict(type='mmdet.DetVisualizationHook'))
env_cfg = dict(
    cudnn_benchmark=True,
    mp_cfg=dict(mp_start_method='fork', opencv_num_threads=0),
    dist_cfg=dict(backend='nccl'))
vis_backends = [dict(type='LocalVisBackend')]
visualizer = dict(
    type='mmdet.DetLocalVisualizer',
    vis_backends=[dict(type='LocalVisBackend')],
    name='visualizer')
log_processor = dict(type='LogProcessor', window_size=50, by_epoch=True)
log_level = 'INFO'
load_from = 'models/rtmdet_x_syncbn_fast_8xb32-300e_sar_ms/epoch_270.pth'
resume = False
file_client_args = dict(backend='disk')
_file_client_args = dict(backend='disk')
tta_model = dict(
    type='mmdet.DetTTAModel',
    tta_cfg=dict(nms=dict(type='nms', iou_threshold=0.65), max_per_img=300))
img_scales = [(640, 640), (320, 320), (960, 960)]
_multiscale_resize_transforms = [
    dict(
        type='Compose',
        transforms=[
            dict(type='YOLOv5KeepRatioResize', scale=(640, 640)),
            dict(
                type='LetterResize',
                scale=(640, 640),
                allow_scale_up=False,
                pad_val=dict(img=114))
        ]),
    dict(
        type='Compose',
        transforms=[
            dict(type='YOLOv5KeepRatioResize', scale=(320, 320)),
            dict(
                type='LetterResize',
                scale=(320, 320),
                allow_scale_up=False,
                pad_val=dict(img=114))
        ]),
    dict(
        type='Compose',
        transforms=[
            dict(type='YOLOv5KeepRatioResize', scale=(960, 960)),
            dict(
                type='LetterResize',
                scale=(960, 960),
                allow_scale_up=False,
                pad_val=dict(img=114))
        ])
]
tta_pipeline = [
    dict(type='LoadImageFromFile', file_client_args=dict(backend='disk')),
    dict(
        type='TestTimeAug',
        transforms=[[{
            'type':
            'Compose',
            'transforms': [{
                'type': 'YOLOv5KeepRatioResize',
                'scale': (640, 640)
            }, {
                'type': 'LetterResize',
                'scale': (640, 640),
                'allow_scale_up': False,
                'pad_val': {
                    'img': 114
                }
            }]
        }, {
            'type':
            'Compose',
            'transforms': [{
                'type': 'YOLOv5KeepRatioResize',
                'scale': (320, 320)
            }, {
                'type': 'LetterResize',
                'scale': (320, 320),
                'allow_scale_up': False,
                'pad_val': {
                    'img': 114
                }
            }]
        }, {
            'type':
            'Compose',
            'transforms': [{
                'type': 'YOLOv5KeepRatioResize',
                'scale': (960, 960)
            }, {
                'type': 'LetterResize',
                'scale': (960, 960),
                'allow_scale_up': False,
                'pad_val': {
                    'img': 114
                }
            }]
        }],
                    [{
                        'type': 'mmdet.RandomFlip',
                        'prob': 1.0
                    }, {
                        'type': 'mmdet.RandomFlip',
                        'prob': 0.0
                    }], [{
                        'type': 'mmdet.LoadAnnotations',
                        'with_bbox': True
                    }],
                    [{
                        'type':
                        'mmdet.PackDetInputs',
                        'meta_keys':
                        ('img_id', 'img_path', 'ori_shape', 'img_shape',
                         'scale_factor', 'pad_param', 'flip', 'flip_direction')
                    }]])
]
data_root = 'data/sar/'
train_ann_file = 'train.json'
train_data_prefix = 'train_img/'
val_ann_file = 'test.json'
val_data_prefix = 'test_img/'
num_classes = 7
train_batch_size_per_gpu = 4
train_num_workers = 4
persistent_workers = True
base_lr = 0.004
max_epochs = 300
num_epochs_stage2 = 20
model_test_cfg = dict(
    multi_label=True,
    nms_pre=30000,
    score_thr=0.001,
    nms=dict(type='nms', iou_threshold=0.65),
    max_per_img=300)
img_scale = (800, 800)
random_resize_ratio_range = (0.1, 2.0)
mosaic_max_cached_images = 40
mixup_max_cached_images = 20
dataset_type = 'YOLOv5CocoDataset'
val_batch_size_per_gpu = 4
val_num_workers = 4
batch_shapes_cfg = dict(
    type='BatchShapePolicy',
    batch_size=4,
    img_size=800,
    size_divisor=32,
    extra_pad_ratio=0.5)
deepen_factor = 1.33
widen_factor = 1.25
strides = [8, 16, 32]
norm_cfg = dict(type='BN')
lr_start_factor = 1e-05
dsl_topk = 13
loss_cls_weight = 1.0
loss_bbox_weight = 2.0
qfl_beta = 2.0
weight_decay = 0.05
save_checkpoint_intervals = 10
val_interval_stage2 = 1
max_keep_ckpts = 3
model = dict(
    type='YOLODetector',
    data_preprocessor=dict(
        type='YOLOv5DetDataPreprocessor',
        mean=[103.53, 116.28, 123.675],
        std=[57.375, 57.12, 58.395],
        bgr_to_rgb=False,
        pad_size_divisor=32,
        batch_augments=[
            dict(
                type='YOLOXBatchSyncRandomResize',
                random_size_range=(640, 1024),
                size_divisor=32,
                interval=1)
        ]),
    backbone=dict(
        type='CSPNeXt',
        arch='P5',
        expand_ratio=0.5,
        deepen_factor=1.33,
        widen_factor=1.25,
        channel_attention=True,
        norm_cfg=dict(type='BN'),
        act_cfg=dict(type='SiLU', inplace=True)),
    neck=dict(
        type='CSPNeXtPAFPN',
        deepen_factor=1.33,
        widen_factor=1.25,
        in_channels=[256, 512, 1024],
        out_channels=256,
        num_csp_blocks=3,
        expand_ratio=0.5,
        norm_cfg=dict(type='BN'),
        act_cfg=dict(type='SiLU', inplace=True)),
    bbox_head=dict(
        type='RTMDetHead',
        head_module=dict(
            type='RTMDetSepBNHeadModule',
            num_classes=7,
            in_channels=256,
            stacked_convs=2,
            feat_channels=256,
            norm_cfg=dict(type='BN'),
            act_cfg=dict(type='SiLU', inplace=True),
            share_conv=True,
            pred_kernel_size=1,
            featmap_strides=[8, 16, 32],
            widen_factor=1.25),
        prior_generator=dict(
            type='mmdet.MlvlPointGenerator', offset=0, strides=[8, 16, 32]),
        bbox_coder=dict(type='DistancePointBBoxCoder'),
        loss_cls=dict(
            type='mmdet.QualityFocalLoss',
            use_sigmoid=True,
            beta=2.0,
            loss_weight=1.0),
        loss_bbox=dict(type='mmdet.GIoULoss', loss_weight=2.0)),
    train_cfg=dict(
        assigner=dict(
            type='BatchDynamicSoftLabelAssigner',
            num_classes=7,
            topk=13,
            iou_calculator=dict(type='mmdet.BboxOverlaps2D')),
        allowed_border=-1,
        pos_weight=-1,
        debug=False),
    test_cfg=dict(
        multi_label=True,
        nms_pre=30000,
        score_thr=0.001,
        nms=dict(type='nms', iou_threshold=0.65),
        max_per_img=300))
train_pipeline = [
    dict(type='LoadImageFromFile', file_client_args=dict(backend='disk')),
    dict(type='LoadAnnotations', with_bbox=True),
    dict(
        type='Mosaic',
        img_scale=(800, 800),
        use_cached=True,
        max_cached_images=40,
        pad_val=114.0),
    dict(
        type='mmdet.RandomResize',
        scale=(1600, 1600),
        ratio_range=(0.1, 2.0),
        resize_type='mmdet.Resize',
        keep_ratio=True),
    dict(type='mmdet.RandomCrop', crop_size=(800, 800)),
    dict(type='mmdet.YOLOXHSVRandomAug'),
    dict(type='mmdet.RandomFlip', prob=0.5),
    dict(type='mmdet.Pad', size=(800, 800), pad_val=dict(img=(114, 114, 114))),
    dict(type='YOLOv5MixUp', use_cached=True, max_cached_images=20),
    dict(type='mmdet.PackDetInputs')
]
train_pipeline_stage2 = [
    dict(type='LoadImageFromFile', file_client_args=dict(backend='disk')),
    dict(type='LoadAnnotations', with_bbox=True),
    dict(
        type='mmdet.RandomResize',
        scale=(800, 800),
        ratio_range=(0.1, 2.0),
        resize_type='mmdet.Resize',
        keep_ratio=True),
    dict(type='mmdet.RandomCrop', crop_size=(800, 800)),
    dict(type='mmdet.YOLOXHSVRandomAug'),
    dict(type='mmdet.RandomFlip', prob=0.5),
    dict(type='mmdet.Pad', size=(800, 800), pad_val=dict(img=(114, 114, 114))),
    dict(type='mmdet.PackDetInputs')
]
test_pipeline = [
    dict(type='LoadImageFromFile', file_client_args=dict(backend='disk')),
    dict(type='YOLOv5KeepRatioResize', scale=(800, 800)),
    dict(
        type='LetterResize',
        scale=(800, 800),
        allow_scale_up=False,
        pad_val=dict(img=114)),
    dict(type='LoadAnnotations', with_bbox=True, _scope_='mmdet'),
    dict(
        type='mmdet.PackDetInputs',
        meta_keys=('img_id', 'img_path', 'ori_shape', 'img_shape',
                   'scale_factor', 'pad_param'))
]
train_dataloader = dict(
    batch_size=4,
    num_workers=4,
    persistent_workers=True,
    pin_memory=True,
    collate_fn=dict(type='yolov5_collate'),
    sampler=dict(type='DefaultSampler', shuffle=True),
    dataset=dict(
        type='YOLOv5CocoDataset',
        data_root='data/sar/',
        ann_file='train.json',
        data_prefix=dict(img='train_img/'),
        filter_cfg=dict(filter_empty_gt=True, min_size=32),
        pipeline=[
            dict(
                type='LoadImageFromFile',
                file_client_args=dict(backend='disk')),
            dict(type='LoadAnnotations', with_bbox=True),
            dict(
                type='Mosaic',
                img_scale=(800, 800),
                use_cached=True,
                max_cached_images=40,
                pad_val=114.0),
            dict(
                type='mmdet.RandomResize',
                scale=(1600, 1600),
                ratio_range=(0.1, 2.0),
                resize_type='mmdet.Resize',
                keep_ratio=True),
            dict(type='mmdet.RandomCrop', crop_size=(800, 800)),
            dict(type='mmdet.YOLOXHSVRandomAug'),
            dict(type='mmdet.RandomFlip', prob=0.5),
            dict(
                type='mmdet.Pad',
                size=(800, 800),
                pad_val=dict(img=(114, 114, 114))),
            dict(type='YOLOv5MixUp', use_cached=True, max_cached_images=20),
            dict(type='mmdet.PackDetInputs')
        ]))
val_dataloader = dict(
    batch_size=4,
    num_workers=4,
    persistent_workers=True,
    pin_memory=True,
    drop_last=False,
    sampler=dict(type='DefaultSampler', shuffle=False),
    dataset=dict(
        type='YOLOv5CocoDataset',
        data_root='data/sar/',
        ann_file='test.json',
        data_prefix=dict(img='test_img/'),
        test_mode=True,
        batch_shapes_cfg=dict(
            type='BatchShapePolicy',
            batch_size=4,
            img_size=800,
            size_divisor=32,
            extra_pad_ratio=0.5),
        pipeline=[
            dict(
                type='LoadImageFromFile',
                file_client_args=dict(backend='disk')),
            dict(type='YOLOv5KeepRatioResize', scale=(800, 800)),
            dict(
                type='LetterResize',
                scale=(800, 800),
                allow_scale_up=False,
                pad_val=dict(img=114)),
            dict(type='LoadAnnotations', with_bbox=True, _scope_='mmdet'),
            dict(
                type='mmdet.PackDetInputs',
                meta_keys=('img_id', 'img_path', 'ori_shape', 'img_shape',
                           'scale_factor', 'pad_param'))
        ]))
test_dataloader = dict(
    batch_size=12,
    num_workers=2,
    persistent_workers=True,
    pin_memory=True,
    drop_last=False,
    sampler=dict(type='DefaultSampler', shuffle=False),
    dataset=dict(
        type='YOLOv5CocoDataset',
        data_root='',
        ann_file='test.json',
        data_prefix=dict(img='/test_img'),
        test_mode=True,
        batch_shapes_cfg=dict(
            type='BatchShapePolicy',
            batch_size=4,
            img_size=800,
            size_divisor=32,
            extra_pad_ratio=0.5),
        pipeline=[
            dict(
                type='LoadImageFromFile',
                file_client_args=dict(backend='disk')),
            dict(type='YOLOv5KeepRatioResize', scale=(800, 800)),
            dict(
                type='LetterResize',
                scale=(800, 800),
                allow_scale_up=False,
                pad_val=dict(img=114)),
            dict(type='LoadAnnotations', with_bbox=True, _scope_='mmdet'),
            dict(
                type='mmdet.PackDetInputs',
                meta_keys=('img_id', 'img_path', 'ori_shape', 'img_shape',
                           'scale_factor', 'pad_param'))
        ]))
val_evaluator = dict(
    type='mmdet.CocoMetric',
    proposal_nums=(100, 1, 10),
    ann_file='data/sar/test.json',
    metric='bbox')
test_evaluator = dict(
    type='mmdet.CocoMetric',
    proposal_nums=(100, 1, 10),
    ann_file='/workspace/test.json',
    metric='bbox',
    format_only=True,
    outfile_prefix='output.json')
optim_wrapper = dict(
    type='OptimWrapper',
    optimizer=dict(type='AdamW', lr=0.004, weight_decay=0.05),
    paramwise_cfg=dict(
        norm_decay_mult=0, bias_decay_mult=0, bypass_duplicate=True))
param_scheduler = [
    dict(
        type='LinearLR', start_factor=1e-05, by_epoch=False, begin=0,
        end=1000),
    dict(
        type='CosineAnnealingLR',
        eta_min=0.0002,
        begin=150,
        end=300,
        T_max=150,
        by_epoch=True,
        convert_to_iter_based=True)
]
custom_hooks = [
    dict(
        type='EMAHook',
        ema_type='ExpMomentumEMA',
        momentum=0.0002,
        update_buffers=True,
        strict_load=False,
        priority=49),
    dict(
        type='mmdet.PipelineSwitchHook',
        switch_epoch=280,
        switch_pipeline=[
            dict(
                type='LoadImageFromFile',
                file_client_args=dict(backend='disk')),
            dict(type='LoadAnnotations', with_bbox=True),
            dict(
                type='mmdet.RandomResize',
                scale=(800, 800),
                ratio_range=(0.1, 2.0),
                resize_type='mmdet.Resize',
                keep_ratio=True),
            dict(type='mmdet.RandomCrop', crop_size=(800, 800)),
            dict(type='mmdet.YOLOXHSVRandomAug'),
            dict(type='mmdet.RandomFlip', prob=0.5),
            dict(
                type='mmdet.Pad',
                size=(800, 800),
                pad_val=dict(img=(114, 114, 114))),
            dict(type='mmdet.PackDetInputs')
        ])
]
train_cfg = dict(
    type='EpochBasedTrainLoop',
    max_epochs=300,
    val_interval=10,
    dynamic_intervals=[(280, 1)])
val_cfg = dict(type='ValLoop')
test_cfg = dict(type='TestLoop')
launcher = 'none'
work_dir = './work_dirs/rtmdet_x_syncbn_fast_8xb32-300e_sar_ms'

2023/03/12 07:36:20 - mmengine - INFO - Distributed training is not used, all SyncBatchNorm (SyncBN) layers in the model will be automatically reverted to BatchNormXd layers if they are used.
2023/03/12 07:36:20 - mmengine - INFO - Hooks will be executed in the following order:
before_run:
(VERY_HIGH   ) RuntimeInfoHook                    
(49          ) EMAHook                            
(BELOW_NORMAL) LoggerHook                         
 -------------------- 
after_load_checkpoint:
(49          ) EMAHook                            
 -------------------- 
before_train:
(VERY_HIGH   ) RuntimeInfoHook                    
(49          ) EMAHook                            
(NORMAL      ) IterTimerHook                      
(VERY_LOW    ) CheckpointHook                     
 -------------------- 
before_train_epoch:
(VERY_HIGH   ) RuntimeInfoHook                    
(NORMAL      ) IterTimerHook                      
(NORMAL      ) DistSamplerSeedHook                
(NORMAL      ) PipelineSwitchHook                 
 -------------------- 
before_train_iter:
(VERY_HIGH   ) RuntimeInfoHook                    
(NORMAL      ) IterTimerHook                      
 -------------------- 
after_train_iter:
(VERY_HIGH   ) RuntimeInfoHook                    
(49          ) EMAHook                            
(NORMAL      ) IterTimerHook                      
(BELOW_NORMAL) LoggerHook                         
(LOW         ) ParamSchedulerHook                 
(VERY_LOW    ) CheckpointHook                     
 -------------------- 
after_train_epoch:
(NORMAL      ) IterTimerHook                      
(LOW         ) ParamSchedulerHook                 
(VERY_LOW    ) CheckpointHook                     
 -------------------- 
before_val_epoch:
(49          ) EMAHook                            
(NORMAL      ) IterTimerHook                      
 -------------------- 
before_val_iter:
(NORMAL      ) IterTimerHook                      
 -------------------- 
after_val_iter:
(NORMAL      ) IterTimerHook                      
(NORMAL      ) DetVisualizationHook               
(BELOW_NORMAL) LoggerHook                         
 -------------------- 
after_val_epoch:
(VERY_HIGH   ) RuntimeInfoHook                    
(49          ) EMAHook                            
(NORMAL      ) IterTimerHook                      
(BELOW_NORMAL) LoggerHook                         
(LOW         ) ParamSchedulerHook                 
(VERY_LOW    ) CheckpointHook                     
 -------------------- 
before_save_checkpoint:
(49          ) EMAHook                            
 -------------------- 
before_test_epoch:
(49          ) EMAHook                            
(NORMAL      ) IterTimerHook                      
 -------------------- 
before_test_iter:
(NORMAL      ) IterTimerHook                      
 -------------------- 
after_test_iter:
(NORMAL      ) IterTimerHook                      
(NORMAL      ) DetVisualizationHook               
(BELOW_NORMAL) LoggerHook                         
 -------------------- 
after_test_epoch:
(VERY_HIGH   ) RuntimeInfoHook                    
(49          ) EMAHook                            
(NORMAL      ) IterTimerHook                      
(BELOW_NORMAL) LoggerHook                         
 -------------------- 
after_run:
(BELOW_NORMAL) LoggerHook                         
 -------------------- 
2023/03/12 07:36:26 - mmengine - INFO - Load checkpoint from models/rtmdet_x_syncbn_fast_8xb32-300e_sar_ms/epoch_270.pth
2023/03/12 07:37:01 - mmengine - INFO - results are saved in 
2023/03/12 07:37:01 - mmengine - INFO - Epoch(test) [34/34]  
